<?xml version="1.0" ?>
<!DOCTYPE coverage SYSTEM "http://cobertura.sourceforge.net/xml/coverage-04.dtd">
<coverage lines-valid="6" lines-covered="6" line-rate="1" branches-valid="0" branches-covered="0" branch-rate="1" timestamp="1639044705642" complexity="0" version="0.1">
  <sources>
    <source>C:\Users\rost\source\repos\web-part-1.13.1</source>
  </sources>
  <packages>
    <package name="main" line-rate="1" branch-rate="1">
      <classes>
        <class name="HelloWorld.tsx" filename="src\webparts\helloWorld\components\HelloWorld.tsx" line-rate="1" branch-rate="1">
          <methods>
            <method name="(anonymous_6)" hits="2" signature="()V">
              <lines>
                <line number="5" hits="2"/>
              </lines>
            </method>
            <method name="(anonymous_8)" hits="1" signature="()V">
              <lines>
                <line number="6" hits="1"/>
              </lines>
            </method>
          </methods>
          <lines>
            <line number="1" hits="1" branch="false"/>
            <line number="3" hits="1" branch="false"/>
            <line number="5" hits="1" branch="false"/>
            <line number="6" hits="1" branch="false"/>
            <line number="7" hits="1" branch="false"/>
            <line number="24" hits="1" branch="false"/>
          </lines>
        </class>
      </classes>
    </package>
  </packages>
</coverage>
