{"C:\\Users\\rost\\source\\repos\\web-part-1.13.1\\src\\webparts\\helloWorld\\components\\HelloWorld.tsx": {"path":"C:\\Users\\rost\\source\\repos\\web-part-1.13.1\\src\\webparts\\helloWorld\\components\\HelloWorld.tsx","statementMap":{"0":{"start":{"line":1,"column":0},"end":{"line":1,"column":31}},"1":{"start":{"line":3,"column":0},"end":{"line":3,"column":46}},"2":{"start":{"line":4,"column":0},"end":{"line":4,"column":53}},"3":{"start":{"line":6,"column":0},"end":{"line":6,"column":77}},"4":{"start":{"line":6,"column":40},"end":{"line":6,"column":45}},"5":{"start":{"line":7,"column":9},"end":{"line":24,"column":null}},"6":{"start":{"line":8,"column":4},"end":{"line":23,"column":6}},"7":{"start":{"line":25,"column":0},"end":{"line":25,"column":null}}},"fnMap":{"0":{"name":"(anonymous_13)","decl":{"start":{"line":6,"column":0},"end":{"line":6,"column":40}},"loc":{"start":{"line":6,"column":0},"end":{"line":25,"column":null}}},"1":{"name":"(anonymous_15)","decl":{"start":{"line":7,"column":2},"end":{"line":7,"column":9}},"loc":{"start":{"line":7,"column":2},"end":{"line":24,"column":3}}}},"branchMap":{},"s":{"0":1,"1":1,"2":1,"3":1,"4":1,"5":1,"6":1,"7":1},"f":{"0":2,"1":1},"b":{}}
}
